<?xml version="1.0" encoding="UTF-8"?>
<!-- Generated by org.testng.reporters.JUnitReportReporter -->
<testsuite hostname="admin-PC" name="com.infofactors.driverfactory.Applet" tests="1" failures="0" timestamp="2 Aug 2018 12:25:32 GMT" time="0.921" errors="0">
  <testcase name="kickStart" time="0.921" classname="com.infofactors.driverfactory.Applet"/>
</testsuite> <!-- com.infofactors.driverfactory.Applet -->
